(---------------------------------------------------------------------)
(                                                                     )
(    Allegro Netrev Import Logic                                      )
(                                                                     )
(    Drawing          : 17_A01_OSCILLATOR.brd                         )
(    Software Version : 16.6P004                                      )
(    Date/Time        : Wed Nov 18 10:09:07 2020                      )
(                                                                     )
(---------------------------------------------------------------------)


------ Directives ------

RIPUP_ETCH FALSE;
RIPUP_DELETE_FIRST_SEGMENT FALSE;
RIPUP_RETAIN_BONDWIRE FALSE;
RIPUP_SYMBOLS ALWAYS;
Missing symbol has error FALSE;
SCHEMATIC_DIRECTORY 'D:\경기산업기술교육센터\ORCAD\OSCILLATOR\allegro';
BOARD_DIRECTORY '';
OLD_BOARD_NAME '17_A01_OSCILLATOR.brd';
NEW_BOARD_NAME '17_A01_OSCILLATOR.brd';

CmdLine: netrev.exe -y 1 -n -i D:\경기산업기술교육센터\ORCAD\OSCILLATOR\allegro D:\경기산업기술교육센터\ORCAD\OSCILLATOR\allegro\17_A01_OSCILLATOR.brd D:\경기산업기술교육센터\ORCAD\OSCILLATOR\allegro\17_A01_OSCILLATOR.brd

------ Preparing to read pst files ------

Starting to read D:/경기산업기술교육센터/ORCAD/OSCILLATOR/allegro/pstchip.dat 
   Finished reading D:/경기산업기술교육센터/ORCAD/OSCILLATOR/allegro/pstchip.dat (00:00:00.07)
Starting to read D:/경기산업기술교육센터/ORCAD/OSCILLATOR/allegro/pstxprt.dat 
   Finished reading D:/경기산업기술교육센터/ORCAD/OSCILLATOR/allegro/pstxprt.dat (00:00:00.00)
Starting to read D:/경기산업기술교육센터/ORCAD/OSCILLATOR/allegro/pstxnet.dat 
   Finished reading D:/경기산업기술교육센터/ORCAD/OSCILLATOR/allegro/pstxnet.dat (00:00:00.00)

------ Oversights/Warnings/Errors ------


------ Library Paths ------
MODULEPATH =  . 
           C:/OrCAD/OrCAD_16.6_Lite/share/local/pcb/modules 

PSMPATH =  . 
           symbols 
           .. 
           ../symbols 
           C:/OrCAD/OrCAD_16.6_Lite/share/local/pcb/symbols 
           C:/OrCAD/OrCAD_16.6_Lite/share/pcb/pcb_lib/symbols 
           C:/OrCAD/OrCAD_16.6_Lite/share/pcb/allegrolib/symbols 

PADPATH =  . 
           symbols 
           .. 
           ../symbols 
           C:/OrCAD/OrCAD_16.6_Lite/share/local/pcb/padstacks 
           C:/OrCAD/OrCAD_16.6_Lite/share/pcb/pcb_lib/symbols 
           C:/OrCAD/OrCAD_16.6_Lite/share/pcb/allegrolib/symbols 


------ Summary Statistics ------


netrev run on Nov 18 10:09:07 2020
   DESIGN NAME : '17_A01_OSCILLATOR'
   PACKAGING ON Sep 10 2012 04:46:09

   COMPILE 'logic'
   CHECK_PIN_NAMES OFF
   CROSS_REFERENCE OFF
   FEEDBACK OFF
   INCREMENTAL OFF
   INTERFACE_TYPE PHYSICAL
   MAX_ERRORS 500
   MERGE_MINIMUM 5
   NET_NAME_CHARS '#%&()*+-./:=>?@[]^_`|'
   NET_NAME_LENGTH 24
   OVERSIGHTS ON
   REPLACE_CHECK OFF
   SINGLE_NODE_NETS ON
   SPLIT_MINIMUM 0
   SUPPRESS   20
   WARNINGS ON

 No error detected
 No oversight detected
 No warning detected

cpu time      0:01:07
elapsed time  0:00:01

